app/build/intermediates/manifest_merge_blame_file/debug/manifest-merger-blame-debug-report.txt
1<?xml version="1.0" encoding="utf-8"?>
2<manifest xmlns:android="http://schemas.android.com/apk/res/android"
3    package="com.example.painteasy"
4    android:versionCode="4"
5    android:versionName="1.0.0" >
6
7    <uses-sdk
8        android:minSdkVersion="21"
8-->src\main\AndroidManifest.xml
9        android:targetSdkVersion="30" />
9-->src\main\AndroidManifest.xml
10
11    <uses-permission android:name="android.permission.READ_EXTERNAL_STORAGE" />
11-->src\main\AndroidManifest.xml:8:5-80
11-->src\main\AndroidManifest.xml:8:22-77
12    <uses-permission android:name="android.permission.WRITE_EXTERNAL_STORAGE" />
12-->src\main\AndroidManifest.xml:9:5-11:40
12-->src\main\AndroidManifest.xml:10:9-65
13
14    <application
14-->src\main\AndroidManifest.xml:13:5-57:19
15        android:allowBackup="true"
15-->src\main\AndroidManifest.xml:14:9-35
16        android:appComponentFactory="androidx.core.app.CoreComponentFactory"
16-->[androidx.core:core:1.3.2] AndroidManifest.xml:24:18-86
17        android:debuggable="true"
18        android:fullBackupContent="true"
18-->src\main\AndroidManifest.xml:15:9-41
19        android:icon="@mipmap/ic_launcher"
19-->src\main\AndroidManifest.xml:16:9-43
20        android:label="Paint Easy"
20-->src\main\AndroidManifest.xml:17:9-35
21        android:supportsRtl="true"
21-->src\main\AndroidManifest.xml:18:9-35
22        android:testOnly="true"
23        android:theme="@style/AppTheme"
23-->src\main\AndroidManifest.xml:19:9-40
24        android:versionCode="4"
24-->src\main\AndroidManifest.xml:20:9-32
25        android:versionName="1.0.0" >
25-->src\main\AndroidManifest.xml:21:9-36
26        <activity
26-->src\main\AndroidManifest.xml:23:9-32:20
27            android:name="com.example.painteasy.ui.MainActivity"
27-->src\main\AndroidManifest.xml:24:13-65
28            android:screenOrientation="portrait"
28-->src\main\AndroidManifest.xml:25:13-49
29            android:theme="@style/SplashTheme" >
29-->src\main\AndroidManifest.xml:26:13-47
30            <intent-filter>
30-->src\main\AndroidManifest.xml:27:13-31:29
31                <action android:name="android.intent.action.MAIN" />
31-->src\main\AndroidManifest.xml:28:17-69
31-->src\main\AndroidManifest.xml:28:25-66
32
33                <category android:name="android.intent.category.LAUNCHER" />
33-->src\main\AndroidManifest.xml:30:17-77
33-->src\main\AndroidManifest.xml:30:27-74
34            </intent-filter>
35        </activity>
36        <activity
36-->src\main\AndroidManifest.xml:34:9-45:20
37            android:name="com.example.painteasy.ui.settings.SettingsActivity"
37-->src\main\AndroidManifest.xml:35:13-78
38            android:parentActivityName="com.example.painteasy.ui.MainActivity"
38-->src\main\AndroidManifest.xml:36:13-79
39            android:screenOrientation="portrait"
39-->src\main\AndroidManifest.xml:37:13-49
40            android:theme="@style/PreferenceTheme" >
40-->src\main\AndroidManifest.xml:38:13-51
41            <meta-data
41-->src\main\AndroidManifest.xml:39:13-41:73
42                android:name="android.support.PARENT_ACTIVITY"
42-->src\main\AndroidManifest.xml:40:17-63
43                android:value="com.example.painteasy.ui.MainActivity" />
43-->src\main\AndroidManifest.xml:41:17-70
44
45            <intent-filter>
45-->src\main\AndroidManifest.xml:42:13-44:29
46                <category android:name="android.intent.category.LAUNCHER" />
46-->src\main\AndroidManifest.xml:30:17-77
46-->src\main\AndroidManifest.xml:30:27-74
47            </intent-filter>
48        </activity>
49
50        <provider
50-->src\main\AndroidManifest.xml:47:9-55:20
51            android:name="androidx.core.content.FileProvider"
51-->src\main\AndroidManifest.xml:48:13-62
52            android:authorities="com.example.painteasy.fileprovider"
52-->src\main\AndroidManifest.xml:49:13-69
53            android:exported="false"
53-->src\main\AndroidManifest.xml:50:13-37
54            android:grantUriPermissions="true" >
54-->src\main\AndroidManifest.xml:51:13-47
55            <meta-data
55-->src\main\AndroidManifest.xml:52:13-54:49
56                android:name="android.support.FILE_PROVIDER_PATHS"
56-->src\main\AndroidManifest.xml:53:17-67
57                android:resource="@xml/paths" />
57-->src\main\AndroidManifest.xml:54:17-46
58        </provider>
59    </application>
60
61</manifest>